<?xml version="1.0" encoding="UTF-8"?>
<!-- Generated by org.testng.reporters.JUnitReportReporter -->
<testsuite hostname="santiago-VirtualBox" name="Pacientes.AnadirPacienteExistenteTest" tests="1" failures="0" timestamp="13 Jan 2017 05:15:05 GMT" time="1.179" errors="0">
  <testcase name="test" time="1.179" classname="Pacientes.AnadirPacienteExistenteTest"/>
</testsuite>
