<?xml version="1.0" encoding="UTF-8"?>
<!-- Generated by org.testng.reporters.JUnitReportReporter -->
<testsuite hostname="santiago-VirtualBox" name="Doctor.AnadirDoctorExistenteTest" tests="1" failures="0" timestamp="13 Jan 2017 05:12:57 GMT" time="1.126" errors="0">
  <testcase name="test" time="1.126" classname="Doctor.AnadirDoctorExistenteTest"/>
</testsuite>
