<?xml version="1.0" encoding="UTF-8"?>
<!-- Generated by org.testng.reporters.JUnitReportReporter -->
<testsuite hostname="santiago-VirtualBox" name="AnadirDoctor.AnadirDoctorTest" tests="1" failures="0" timestamp="12 Jan 2017 23:10:25 GMT" time="7.431" errors="0">
  <testcase name="test" time="7.431" classname="AnadirDoctor.AnadirDoctorTest"/>
</testsuite>
