<?xml version="1.0" encoding="UTF-8"?>
<!-- Generated by org.testng.reporters.JUnitReportReporter -->
<testsuite hostname="santiago-VirtualBox" name="Pacientes.AnadirPacienteTest" tests="1" failures="0" timestamp="12 Jan 2017 23:32:49 GMT" time="4.921" errors="0">
  <testcase name="test" time="4.921" classname="Pacientes.AnadirPacienteTest"/>
</testsuite>
