<?xml version="1.0" encoding="UTF-8"?>
<!-- Generated by org.testng.reporters.JUnitReportReporter -->
<testsuite hostname="santiago-XPS-L412Z" name="Pacientes.AnadirPacienteExistenteTest" tests="1" failures="0" timestamp="13 Jan 2017 16:29:38 GMT" time="1.308" errors="0">
  <testcase name="test" time="1.308" classname="Pacientes.AnadirPacienteExistenteTest"/>
</testsuite>
