<?xml version="1.0" encoding="UTF-8"?>
<!-- Generated by org.testng.reporters.JUnitReportReporter -->
<testsuite hostname="santiago-XPS-L412Z" name="Pacientes.AnadirPacienteTest" tests="1" failures="0" timestamp="13 Jan 2017 15:36:14 GMT" time="1.382" errors="0">
  <testcase name="test" time="1.382" classname="Pacientes.AnadirPacienteTest"/>
</testsuite>
