<?xml version="1.0" encoding="UTF-8"?>
<!-- Generated by org.testng.reporters.JUnitReportReporter -->
<testsuite hostname="santiago-XPS-L412Z" name="Cita.CitaTest" tests="1" failures="0" timestamp="13 Jan 2017 15:36:14 GMT" time="1.994" errors="0">
  <testcase name="test" time="1.994" classname="Cita.CitaTest"/>
</testsuite>
